<?xml version="1.0" encoding="UTF-8"?>
<!-- Generated by org.testng.reporters.JUnitReportReporter -->
<testsuite skipped="0" hostname="DESKTOP-PQRS4LG" name="test.MainActivity" tests="1" failures="0" timestamp="2020-11-30T19:13:56 IST" time="194.799" errors="0">
  <testcase name="amazonTest" time="194.799" classname="test.MainActivity"/>
  <system-out/>
</testsuite> <!-- test.MainActivity -->
